#
# A fatal error has been detected by the Java Runtime Environment:
#
#  SIGSEGV (0xb) at pc=0x0000000126c9b381, pid=2312, tid=1811
#
# JRE version: Java(TM) SE Runtime Environment (8.0_25-b17) (build 1.8.0_25-b17)
# Java VM: Java HotSpot(TM) 64-Bit Server VM (25.25-b02 mixed mode bsd-amd64 compressed oops)
# Problematic frame:
# C  [libglass.dylib+0x16381]  GlassScreenDidChangeScreenParameters+0x21
#
# Failed to write core dump. Core dumps have been disabled. To enable core dumping, try "ulimit -c unlimited" before starting Java again
#
# If you would like to submit a bug report, please visit:
#   http://bugreport.sun.com/bugreport/crash.jsp
#

---------------  T H R E A D  ---------------

Current thread is native thread

siginfo: si_signo: 11 (SIGSEGV), si_code: 1 (SEGV_MAPERR), si_addr: 0x0000000000000000

Registers:
RAX=0x0000000126ccdd48, RBX=0x0000000000000000, RCX=0x400014c0a5b5e6d4, RDX=0x00007fff75fdb1f8
RSP=0x00007fff54a1e030, RBP=0x00007fff54a1e040, RSI=0x00007fa43bc024d8, RDI=0x0000000000000000
R8 =0x00007fff54a1dee0, R9 =0x00007fff75b45300, R10=0x0000000000000000, R11=0x0000000000000246
R12=0x00007fa43bd264b0, R13=0x00000000000f4268, R14=0x00007fa43bd9de10, R15=0x00007fff54a1e180
RIP=0x0000000126c9b381, EFLAGS=0x0000000000010246, ERR=0x0000000000000004
  TRAPNO=0x000000000000000e

Top of Stack: (sp=0x00007fff54a1e030)
0x00007fff54a1e030:   00007fff54a1e210 00007fa43bd9de10
0x00007fff54a1e040:   00007fff54a1e050 00007fff8db85cbc
0x00007fff54a1e050:   00007fff54a1e3b0 00007fff8da771b4
0x00007fff54a1e060:   00007fa43bf4aac0 0000000000003c00
0x00007fff54a1e070:   000000010b1f9000 00007fa43bdfc080
0x00007fff54a1e080:   0000000000001006 0000000000000270
0x00007fff54a1e090:   0000000000000004 00007fa43bd9de10
0x00007fff54a1e0a0:   0000000000000000 00007fff54a1e180
0x00007fff54a1e0b0:   0000000000000000 00007fa43bd9dd80
0x00007fff54a1e0c0:   00007fff54a1e200 000000000000001a
0x00007fff54a1e0d0:   00000000000f428f 00007fa43bf4c170
0x00007fff54a1e0e0:   00007fa43bf328c0 00007fa43bd264b0
0x00007fff54a1e0f0:   0000000000000001 00000000000f4268
0x00007fff54a1e100:   00007fa43bd264a0 00007fff87186acb
0x00007fff54a1e110:   0000000000000001 0000000000000001
0x00007fff54a1e120:   0000000000000030 0000000000000001
0x00007fff54a1e130:   00007fff54a1e150 00007fff8718c231
0x00007fff54a1e140:   00007fff76d75dd0 0000000000000000
0x00007fff54a1e150:   00007fff54a1e170 0000000000000001
0x00007fff54a1e160:   00003a0300000000 00007fa43bd264d4
0x00007fff54a1e170:   0000000000000000 00007fff8da6cc8f
0x00007fff54a1e180:   00007fa43bd9de10 00007fff76d75dd0
0x00007fff54a1e190:   00007fff54a1e210 0000000000000001
0x00007fff54a1e1a0:   00007fff54a1e1e0 00007fff8718653e
0x00007fff54a1e1b0:   000000010b1fca00 0000000000000002
0x00007fff54a1e1c0:   000000010b1f9000 00007fa43bf3ec52
0x00007fff54a1e1d0:   0000000000000003 000000010b200600
0x00007fff54a1e1e0:   00007fff54a1e2d0 00007fff871852a2
0x00007fff54a1e1f0:   00007fa43bc3c5d0 00007fff54a1e3b8
0x00007fff54a1e200:   0000000000000017 0000000000000000
0x00007fff54a1e210:   00000000000f4268 00007fff8da6cf83
0x00007fff54a1e220:   00007fff00000000 00007fa43be2c240 

Instructions: (pc=0x0000000126c9b381)
0x0000000126c9b361:   48 89 e5 41 56 53 48 8d 05 d2 2a 03 00 48 83 38
0x0000000126c9b371:   00 48 89 fb 75 72 48 8d 05 ca 29 03 00 48 8b 30
0x0000000126c9b381:   48 8b 03 48 8d 15 7c 99 01 00 48 8d 0d 5e 6f 01
0x0000000126c9b391:   00 48 89 df ff 90 88 03 00 00 48 8d 0d 9e 2a 03 

Register to memory mapping:

RAX=0x0000000126ccdd48: jScreenClass+0 in /Library/Java/JavaVirtualMachines/jdk1.8.0_25.jdk/Contents/Home/jre/lib/libglass.dylib at 0x0000000126c85000
RBX=0x0000000000000000 is an unknown value
RCX=0x400014c0a5b5e6d4 is an unknown value
RDX=0x00007fff75fdb1f8: __sFX+0x1c8 in /usr/lib/system/libsystem_c.dylib at 0x00007fff8822b000
RSP=0x00007fff54a1e030 is an unknown value
RBP=0x00007fff54a1e040 is an unknown value
RSI=0x00007fa43bc024d8 is a global jni handle
RDI=0x0000000000000000 is an unknown value
R8 =0x00007fff54a1dee0 is an unknown value
R9 =0x00007fff75b45300: _thread+0 in /usr/lib/system/libsystem_pthread.dylib at 0x00007fff85b4d000
R10=0x0000000000000000 is an unknown value
R11=0x0000000000000246 is an unknown value
R12=0x00007fa43bd264b0 is an unknown value
R13=0x00000000000f4268 is an unknown value
R14=0x00007fa43bd9de10 is an unknown value
R15=0x00007fff54a1e180 is an unknown value


Stack: [0x00007fff54221000,0x00007fff54a21000],  sp=0x00007fff54a1e030,  free space=8180k
Native frames: (J=compiled Java code, j=interpreted, Vv=VM code, C=native code)
C  [libglass.dylib+0x16381]  GlassScreenDidChangeScreenParameters+0x21
C  [CoreFoundation+0x11ecbc]  __CFNOTIFICATIONCENTER_IS_CALLING_OUT_TO_AN_OBSERVER__+0xc
C  [CoreFoundation+0x101b4]  _CFXNotificationPost+0xc44
C  [Foundation+0x2ea1]  -[NSNotificationCenter postNotificationName:object:userInfo:]+0x42
C  [AppKit+0x362dee]  -[NSApplication _reactToScreenInvalidationImmediately:]+0x17b
C  [AppKit+0x362c2d]  __44-[NSApplication _reactToScreenInvalidation:]_block_invoke+0x4b
C  [CoreFoundation+0x8054c]  __CFRUNLOOP_IS_CALLING_OUT_TO_A_BLOCK__+0xc
C  [CoreFoundation+0x72655]  __CFRunLoopDoBlocks+0x155
C  [CoreFoundation+0x72196]  __CFRunLoopRun+0x716
C  [CoreFoundation+0x71838]  CFRunLoopRunSpecific+0x128
C  [java+0x56cc]  CreateExecutionEnvironment+0x367
C  [java+0x165c]  JLI_Launch+0x7a0
C  [java+0x768a]  main+0x65
C  [java+0xeb4]  start+0x34


---------------  P R O C E S S  ---------------

VM state:at safepoint (normal execution)

VM Mutex/Monitor currently owned by a thread:  ([mutex/lock_event])
[0x00007fa43be01d20] Threads_lock - owner thread: 0x00007fa43c00c000

Heap:
 PSYoungGen      total 38400K, used 16546K [0x0000000795580000, 0x0000000798000000, 0x00000007c0000000)
  eden space 33280K, 49% used [0x0000000795580000,0x00000007965a8b50,0x0000000797600000)
  from space 5120K, 0% used [0x0000000797b00000,0x0000000797b00000,0x0000000798000000)
  to   space 5120K, 0% used [0x0000000797600000,0x0000000797600000,0x0000000797b00000)
 ParOldGen       total 87552K, used 0K [0x0000000740000000, 0x0000000745580000, 0x0000000795580000)
  object space 87552K, 0% used [0x0000000740000000,0x0000000740000000,0x0000000745580000)
 Metaspace       used 9014K, capacity 9304K, committed 9472K, reserved 1056768K
  class space    used 1183K, capacity 1271K, committed 1280K, reserved 1048576K

Card table byte_map: [0x000000011c7df000,0x000000011cbe0000] byte_map_base: 0x0000000118ddf000

Marking Bits: (ParMarkBitMap*) 0x000000010cc9d390
 Begin Bits: [0x000000011d6a3000, 0x000000011f6a3000)
 End Bits:   [0x000000011f6a3000, 0x00000001216a3000)

Polling page: 0x000000010b368000

CodeCache: size=245760Kb used=2476Kb max_used=2476Kb free=243283Kb
 bounds [0x000000010d41f000, 0x000000010d68f000, 0x000000011c41f000]
 total_blobs=991 nmethods=559 adapters=347
 compilation: enabled

Compilation events (10 events):
Event: 0.642 Thread 0x00007fa43c827000  555  s    4       java.io.BufferedInputStream::read (49 bytes)
Event: 0.642 Thread 0x00007fa43d001000  556       3       java.io.DataInputStream::readInt (72 bytes)
Event: 0.643 Thread 0x00007fa43d001000 nmethod 556 0x000000010d686010 code [0x000000010d6861c0, 0x000000010d686728]
Event: 0.644 Thread 0x00007fa43d001000  557       1       java.lang.Enum::ordinal (5 bytes)
Event: 0.644 Thread 0x00007fa43d001000 nmethod 557 0x000000010d686950 code [0x000000010d686aa0, 0x000000010d686bb0]
Event: 0.644 Thread 0x00007fa43d001000  559       3       java.util.StringTokenizer::scanToken (179 bytes)
Event: 0.645 Thread 0x00007fa43c827000 nmethod 555 0x000000010d689c10 code [0x000000010d689d60, 0x000000010d68a188]
Event: 0.646 Thread 0x00007fa43d001000 nmethod 559 0x000000010d687f50 code [0x000000010d6881e0, 0x000000010d689498]
Event: 0.646 Thread 0x00007fa43d001000  558       3       java.util.StringTokenizer::skipDelimiters (116 bytes)
Event: 0.647 Thread 0x00007fa43d001000 nmethod 558 0x000000010d686d50 code [0x000000010d686f60, 0x000000010d687ad8]

GC Heap History (0 events):
No events

Deoptimization events (0 events):
No events

Internal exceptions (10 events):
Event: 0.138 Thread 0x00007fa43c806800 Exception <a 'java/lang/NoSuchFieldError': method resolution failed> (0x0000000795889158) thrown at [/HUDSON3/workspace/8-2-build-macosx-x86_64/jdk8u25/1514/hotspot/src/share/vm/prims/methodHandles.cpp, line 1159]
Event: 0.139 Thread 0x00007fa43c806800 Exception <a 'java/lang/NoSuchFieldError': method resolution failed> (0x000000079588c2b8) thrown at [/HUDSON3/workspace/8-2-build-macosx-x86_64/jdk8u25/1514/hotspot/src/share/vm/prims/methodHandles.cpp, line 1159]
Event: 0.152 Thread 0x00007fa43c806800 Exception <a 'java/security/PrivilegedActionException'> (0x00000007958de4a0) thrown at [/HUDSON3/workspace/8-2-build-macosx-x86_64/jdk8u25/1514/hotspot/src/share/vm/prims/jvm.cpp, line 1312]
Event: 0.152 Thread 0x00007fa43c806800 Exception <a 'java/security/PrivilegedActionException'> (0x00000007958de658) thrown at [/HUDSON3/workspace/8-2-build-macosx-x86_64/jdk8u25/1514/hotspot/src/share/vm/prims/jvm.cpp, line 1312]
Event: 0.152 Thread 0x00007fa43c806800 Exception <a 'java/security/PrivilegedActionException'> (0x00000007958e1848) thrown at [/HUDSON3/workspace/8-2-build-macosx-x86_64/jdk8u25/1514/hotspot/src/share/vm/prims/jvm.cpp, line 1312]
Event: 0.152 Thread 0x00007fa43c806800 Exception <a 'java/security/PrivilegedActionException'> (0x00000007958e1a00) thrown at [/HUDSON3/workspace/8-2-build-macosx-x86_64/jdk8u25/1514/hotspot/src/share/vm/prims/jvm.cpp, line 1312]
Event: 0.153 Thread 0x00007fa43c806800 Exception <a 'java/lang/NullPointerException'> (0x00000007958e3318) thrown at [/HUDSON3/workspace/8-2-build-macosx-x86_64/jdk8u25/1514/hotspot/src/share/vm/interpreter/linkResolver.cpp, line 1178]
Event: 0.477 Thread 0x00007fa43c0a1800 Exception <a 'java/lang/NullPointerException'> (0x00000007961ed068) thrown at [/HUDSON3/workspace/8-2-build-macosx-x86_64/jdk8u25/1514/hotspot/src/share/vm/interpreter/linkResolver.cpp, line 1178]
Event: 0.477 Thread 0x00007fa43c0a1800 Exception <a 'java/lang/NullPointerException'> (0x00000007961ed068) thrown at [/HUDSON3/workspace/8-2-build-macosx-x86_64/jdk8u25/1514/hotspot/src/share/vm/prims/jvm.cpp, line 1316]
Event: 0.625 Thread 0x00007fa43c806800 Exception <a 'java/lang/reflect/InvocationTargetException'> (0x0000000795ba61c8) thrown at [/HUDSON3/workspace/8-2-build-macosx-x86_64/jdk8u25/1514/hotspot/src/share/vm/runtime/reflection.cpp, line 1080]

Events (10 events):
Event: 0.649 loading class java/util/Formatter$Flags done
Event: 0.649 loading class java/util/Formatter$Conversion
Event: 0.649 loading class java/util/Formatter$Conversion done
Event: 0.649 loading class java/util/Formattable
Event: 0.649 loading class java/util/Formattable done
Event: 0.649 loading class java/util/IdentityHashMap$KeyIterator
Event: 0.649 loading class java/util/IdentityHashMap$IdentityHashMapIterator
Event: 0.649 loading class java/util/IdentityHashMap$IdentityHashMapIterator done
Event: 0.649 loading class java/util/IdentityHashMap$KeyIterator done
Event: 0.649 Executing VM operation: Exit


Dynamic libraries:
0x0000000005b45000 	/System/Library/Frameworks/Cocoa.framework/Versions/A/Cocoa
0x0000000005b45000 	/System/Library/Frameworks/Security.framework/Versions/A/Security
0x0000000005b45000 	/System/Library/Frameworks/ApplicationServices.framework/Versions/A/ApplicationServices
0x0000000005b45000 	/usr/lib/libz.1.dylib
0x0000000005b45000 	/usr/lib/libSystem.B.dylib
0x0000000005b45000 	/usr/lib/libobjc.A.dylib
0x0000000005b45000 	/System/Library/Frameworks/CoreFoundation.framework/Versions/A/CoreFoundation
0x0000000005b45000 	/System/Library/Frameworks/Foundation.framework/Versions/C/Foundation
0x0000000005b45000 	/System/Library/Frameworks/AppKit.framework/Versions/C/AppKit
0x0000000005b45000 	/System/Library/Frameworks/CoreData.framework/Versions/A/CoreData
0x0000000005b45000 	/System/Library/PrivateFrameworks/RemoteViewServices.framework/Versions/A/RemoteViewServices
0x0000000005b45000 	/System/Library/PrivateFrameworks/UIFoundation.framework/Versions/A/UIFoundation
0x0000000005b45000 	/System/Library/Frameworks/IOSurface.framework/Versions/A/IOSurface
0x0000000005b45000 	/System/Library/Frameworks/AudioToolbox.framework/Versions/A/AudioToolbox
0x0000000005b45000 	/System/Library/Frameworks/AudioUnit.framework/Versions/A/AudioUnit
0x0000000005b45000 	/System/Library/PrivateFrameworks/DataDetectorsCore.framework/Versions/A/DataDetectorsCore
0x0000000005b45000 	/System/Library/PrivateFrameworks/DesktopServicesPriv.framework/Versions/A/DesktopServicesPriv
0x0000000005b45000 	/System/Library/Frameworks/Carbon.framework/Versions/A/Frameworks/HIToolbox.framework/Versions/A/HIToolbox
0x0000000005b45000 	/System/Library/Frameworks/QuartzCore.framework/Versions/A/QuartzCore
0x0000000005b45000 	/System/Library/Frameworks/Carbon.framework/Versions/A/Frameworks/SpeechRecognition.framework/Versions/A/SpeechRecognition
0x0000000005b45000 	/usr/lib/libauto.dylib
0x0000000005b45000 	/usr/lib/libicucore.A.dylib
0x0000000005b45000 	/usr/lib/libxml2.2.dylib
0x0000000005b45000 	/System/Library/PrivateFrameworks/CoreUI.framework/Versions/A/CoreUI
0x0000000005b45000 	/System/Library/Frameworks/CoreAudio.framework/Versions/A/CoreAudio
0x0000000005b45000 	/System/Library/Frameworks/DiskArbitration.framework/Versions/A/DiskArbitration
0x0000000005b45000 	/usr/lib/liblangid.dylib
0x0000000005b45000 	/System/Library/PrivateFrameworks/MultitouchSupport.framework/Versions/A/MultitouchSupport
0x0000000005b45000 	/System/Library/Frameworks/IOKit.framework/Versions/A/IOKit
0x0000000005b45000 	/usr/lib/libDiagnosticMessagesClient.dylib
0x0000000005b45000 	/System/Library/Frameworks/CoreServices.framework/Versions/A/CoreServices
0x0000000005b45000 	/System/Library/PrivateFrameworks/PerformanceAnalysis.framework/Versions/A/PerformanceAnalysis
0x0000000005b45000 	/System/Library/PrivateFrameworks/GenerationalStorage.framework/Versions/A/GenerationalStorage
0x0000000005b45000 	/System/Library/Frameworks/OpenGL.framework/Versions/A/OpenGL
0x0000000005b45000 	/System/Library/PrivateFrameworks/Sharing.framework/Versions/A/Sharing
0x0000000005b45000 	/System/Library/Frameworks/CoreGraphics.framework/Versions/A/CoreGraphics
0x0000000005b45000 	/System/Library/Frameworks/CoreText.framework/Versions/A/CoreText
0x0000000005b45000 	/System/Library/Frameworks/ImageIO.framework/Versions/A/ImageIO
0x0000000005b45000 	/usr/lib/libextension.dylib
0x0000000005b45000 	/System/Library/PrivateFrameworks/Backup.framework/Versions/A/Backup
0x0000000005b45000 	/usr/lib/libarchive.2.dylib
0x0000000005b45000 	/System/Library/Frameworks/CFNetwork.framework/Versions/A/CFNetwork
0x0000000005b45000 	/System/Library/Frameworks/SystemConfiguration.framework/Versions/A/SystemConfiguration
0x0000000005b45000 	/usr/lib/libCRFSuite.dylib
0x0000000005b45000 	/usr/lib/libc++.1.dylib
0x0000000005b45000 	/usr/lib/libc++abi.dylib
0x0000000005b45000 	/usr/lib/system/libcache.dylib
0x0000000005b45000 	/usr/lib/system/libcommonCrypto.dylib
0x0000000005b45000 	/usr/lib/system/libcompiler_rt.dylib
0x0000000005b45000 	/usr/lib/system/libcopyfile.dylib
0x0000000005b45000 	/usr/lib/system/libcorecrypto.dylib
0x0000000005b45000 	/usr/lib/system/libdispatch.dylib
0x0000000005b45000 	/usr/lib/system/libdyld.dylib
0x0000000005b45000 	/usr/lib/system/libkeymgr.dylib
0x0000000005b45000 	/usr/lib/system/liblaunch.dylib
0x0000000005b45000 	/usr/lib/system/libmacho.dylib
0x0000000005b45000 	/usr/lib/system/libquarantine.dylib
0x0000000005b45000 	/usr/lib/system/libremovefile.dylib
0x0000000005b45000 	/usr/lib/system/libsystem_asl.dylib
0x0000000005b45000 	/usr/lib/system/libsystem_blocks.dylib
0x0000000005b45000 	/usr/lib/system/libsystem_c.dylib
0x0000000005b45000 	/usr/lib/system/libsystem_configuration.dylib
0x0000000005b45000 	/usr/lib/system/libsystem_coreservices.dylib
0x0000000005b45000 	/usr/lib/system/libsystem_coretls.dylib
0x0000000005b45000 	/usr/lib/system/libsystem_dnssd.dylib
0x0000000005b45000 	/usr/lib/system/libsystem_info.dylib
0x0000000005b45000 	/usr/lib/system/libsystem_kernel.dylib
0x0000000005b45000 	/usr/lib/system/libsystem_m.dylib
0x0000000005b45000 	/usr/lib/system/libsystem_malloc.dylib
0x0000000005b45000 	/usr/lib/system/libsystem_network.dylib
0x0000000005b45000 	/usr/lib/system/libsystem_networkextension.dylib
0x0000000005b45000 	/usr/lib/system/libsystem_notify.dylib
0x0000000005b45000 	/usr/lib/system/libsystem_platform.dylib
0x0000000005b45000 	/usr/lib/system/libsystem_pthread.dylib
0x0000000005b45000 	/usr/lib/system/libsystem_sandbox.dylib
0x0000000005b45000 	/usr/lib/system/libsystem_secinit.dylib
0x0000000005b45000 	/usr/lib/system/libsystem_stats.dylib
0x0000000005b45000 	/usr/lib/system/libsystem_trace.dylib
0x0000000005b45000 	/usr/lib/system/libunc.dylib
0x0000000005b45000 	/usr/lib/system/libunwind.dylib
0x0000000005b45000 	/usr/lib/system/libxpc.dylib
0x0000000005b45000 	/usr/lib/libbz2.1.0.dylib
0x0000000005b45000 	/usr/lib/liblzma.5.dylib
0x0000000005b45000 	/usr/lib/libbsm.0.dylib
0x0000000005b45000 	/usr/lib/libsqlite3.dylib
0x0000000005b45000 	/usr/lib/system/libkxld.dylib
0x0000000005b45000 	/usr/lib/libxar.1.dylib
0x0000000005b45000 	/usr/lib/libpam.2.dylib
0x0000000005b45000 	/usr/lib/libOpenScriptingUtil.dylib
0x0000000005b45000 	/System/Library/Frameworks/CoreServices.framework/Versions/A/Frameworks/FSEvents.framework/Versions/A/FSEvents
0x0000000005b45000 	/System/Library/Frameworks/CoreServices.framework/Versions/A/Frameworks/CarbonCore.framework/Versions/A/CarbonCore
0x0000000005b45000 	/System/Library/Frameworks/CoreServices.framework/Versions/A/Frameworks/Metadata.framework/Versions/A/Metadata
0x0000000005b45000 	/System/Library/Frameworks/CoreServices.framework/Versions/A/Frameworks/OSServices.framework/Versions/A/OSServices
0x0000000005b45000 	/System/Library/Frameworks/CoreServices.framework/Versions/A/Frameworks/SearchKit.framework/Versions/A/SearchKit
0x0000000005b45000 	/System/Library/Frameworks/CoreServices.framework/Versions/A/Frameworks/AE.framework/Versions/A/AE
0x0000000005b45000 	/System/Library/Frameworks/CoreServices.framework/Versions/A/Frameworks/LaunchServices.framework/Versions/A/LaunchServices
0x0000000005b45000 	/System/Library/Frameworks/CoreServices.framework/Versions/A/Frameworks/DictionaryServices.framework/Versions/A/DictionaryServices
0x0000000005b45000 	/System/Library/Frameworks/NetFS.framework/Versions/A/NetFS
0x0000000005b45000 	/System/Library/PrivateFrameworks/NetAuth.framework/Versions/A/NetAuth
0x0000000005b45000 	/System/Library/PrivateFrameworks/login.framework/Versions/A/Frameworks/loginsupport.framework/Versions/A/loginsupport
0x0000000005b45000 	/System/Library/PrivateFrameworks/TCC.framework/Versions/A/TCC
0x0000000005b45000 	/usr/lib/libmecabra.dylib
0x0000000005b45000 	/System/Library/PrivateFrameworks/LanguageModeling.framework/Versions/A/LanguageModeling
0x0000000005b45000 	/usr/lib/libcmph.dylib
0x0000000005b45000 	/usr/lib/libiconv.2.dylib
0x0000000005b45000 	/System/Library/Frameworks/OpenDirectory.framework/Versions/A/Frameworks/CFOpenDirectory.framework/Versions/A/CFOpenDirectory
0x0000000005b45000 	/System/Library/Frameworks/ServiceManagement.framework/Versions/A/ServiceManagement
0x0000000005b45000 	/usr/lib/libxslt.1.dylib
0x0000000005b45000 	/System/Library/Frameworks/Carbon.framework/Versions/A/Frameworks/Ink.framework/Versions/A/Ink
0x0000000005b45000 	/System/Library/Frameworks/ApplicationServices.framework/Versions/A/Frameworks/ATS.framework/Versions/A/ATS
0x0000000005b45000 	/System/Library/Frameworks/ApplicationServices.framework/Versions/A/Frameworks/ColorSync.framework/Versions/A/ColorSync
0x0000000005b45000 	/System/Library/Frameworks/ApplicationServices.framework/Versions/A/Frameworks/HIServices.framework/Versions/A/HIServices
0x0000000005b45000 	/System/Library/Frameworks/ApplicationServices.framework/Versions/A/Frameworks/LangAnalysis.framework/Versions/A/LangAnalysis
0x0000000005b45000 	/System/Library/Frameworks/ApplicationServices.framework/Versions/A/Frameworks/PrintCore.framework/Versions/A/PrintCore
0x0000000005b45000 	/System/Library/Frameworks/ApplicationServices.framework/Versions/A/Frameworks/QD.framework/Versions/A/QD
0x0000000005b45000 	/System/Library/Frameworks/ApplicationServices.framework/Versions/A/Frameworks/SpeechSynthesis.framework/Versions/A/SpeechSynthesis
0x0000000005b45000 	/System/Library/Frameworks/Accelerate.framework/Versions/A/Accelerate
0x0000000005b45000 	/System/Library/Frameworks/Accelerate.framework/Versions/A/Frameworks/vImage.framework/Versions/A/vImage
0x0000000005b45000 	/System/Library/Frameworks/Accelerate.framework/Versions/A/Frameworks/vecLib.framework/Versions/A/vecLib
0x0000000005b45000 	/System/Library/Frameworks/Accelerate.framework/Versions/A/Frameworks/vecLib.framework/Versions/A/libvDSP.dylib
0x0000000005b45000 	/System/Library/Frameworks/Accelerate.framework/Versions/A/Frameworks/vecLib.framework/Versions/A/libvMisc.dylib
0x0000000005b45000 	/System/Library/Frameworks/Accelerate.framework/Versions/A/Frameworks/vecLib.framework/Versions/A/libLAPACK.dylib
0x0000000005b45000 	/System/Library/Frameworks/Accelerate.framework/Versions/A/Frameworks/vecLib.framework/Versions/A/libBLAS.dylib
0x0000000005b45000 	/System/Library/Frameworks/Accelerate.framework/Versions/A/Frameworks/vecLib.framework/Versions/A/libLinearAlgebra.dylib
0x0000000005b45000 	/System/Library/Frameworks/ApplicationServices.framework/Versions/A/Frameworks/ATS.framework/Versions/A/Resources/libFontParser.dylib
0x0000000005b45000 	/System/Library/Frameworks/ApplicationServices.framework/Versions/A/Frameworks/ATS.framework/Versions/A/Resources/libFontRegistry.dylib
0x0000000005b45000 	/System/Library/PrivateFrameworks/AppleVPA.framework/Versions/A/AppleVPA
0x0000000005b45000 	/System/Library/PrivateFrameworks/AppleJPEG.framework/Versions/A/AppleJPEG
0x0000000005b45000 	/System/Library/Frameworks/ImageIO.framework/Versions/A/Resources/libJPEG.dylib
0x0000000005b45000 	/System/Library/Frameworks/ImageIO.framework/Versions/A/Resources/libTIFF.dylib
0x0000000005b45000 	/System/Library/Frameworks/ImageIO.framework/Versions/A/Resources/libPng.dylib
0x0000000005b45000 	/System/Library/Frameworks/ImageIO.framework/Versions/A/Resources/libGIF.dylib
0x0000000005b45000 	/System/Library/Frameworks/ImageIO.framework/Versions/A/Resources/libJP2.dylib
0x0000000005b45000 	/System/Library/Frameworks/ImageIO.framework/Versions/A/Resources/libRadiance.dylib
0x0000000005b45000 	/System/Library/Frameworks/CoreVideo.framework/Versions/A/CoreVideo
0x0000000005b45000 	/System/Library/Frameworks/OpenGL.framework/Versions/A/Libraries/libGLU.dylib
0x0000000005b45000 	/System/Library/Frameworks/OpenGL.framework/Versions/A/Libraries/libGFXShared.dylib
0x0000000005b45000 	/System/Library/Frameworks/OpenGL.framework/Versions/A/Libraries/libGL.dylib
0x0000000005b45000 	/System/Library/Frameworks/OpenGL.framework/Versions/A/Libraries/libGLImage.dylib
0x0000000005b45000 	/System/Library/Frameworks/OpenGL.framework/Versions/A/Libraries/libCVMSPluginSupport.dylib
0x0000000005b45000 	/System/Library/Frameworks/OpenGL.framework/Versions/A/Libraries/libCoreVMClient.dylib
0x0000000005b45000 	/usr/lib/libcups.2.dylib
0x0000000005b45000 	/System/Library/Frameworks/Kerberos.framework/Versions/A/Kerberos
0x0000000005b45000 	/System/Library/Frameworks/GSS.framework/Versions/A/GSS
0x0000000005b45000 	/usr/lib/libresolv.9.dylib
0x0000000005b45000 	/System/Library/PrivateFrameworks/Heimdal.framework/Versions/A/Heimdal
0x0000000005b45000 	/usr/lib/libheimdal-asn1.dylib
0x0000000005b45000 	/System/Library/Frameworks/OpenDirectory.framework/Versions/A/OpenDirectory
0x0000000005b45000 	/System/Library/PrivateFrameworks/CommonAuth.framework/Versions/A/CommonAuth
0x0000000005b45000 	/System/Library/Frameworks/SecurityFoundation.framework/Versions/A/SecurityFoundation
0x0000000005b45000 	/System/Library/Frameworks/QuartzCore.framework/Versions/A/Frameworks/CoreImage.framework/Versions/A/CoreImage
0x0000000005b45000 	/System/Library/PrivateFrameworks/CrashReporterSupport.framework/Versions/A/CrashReporterSupport
0x0000000005b45000 	/System/Library/Frameworks/OpenCL.framework/Versions/A/OpenCL
0x0000000005b45000 	/System/Library/PrivateFrameworks/FaceCore.framework/Versions/A/FaceCore
0x0000000005b45000 	/System/Library/PrivateFrameworks/Ubiquity.framework/Versions/A/Ubiquity
0x0000000005b45000 	/System/Library/PrivateFrameworks/IconServices.framework/Versions/A/IconServices
0x0000000005b45000 	/System/Library/PrivateFrameworks/ChunkingLibrary.framework/Versions/A/ChunkingLibrary
0x0000000005b45000 	/System/Library/PrivateFrameworks/Apple80211.framework/Versions/A/Apple80211
0x0000000005b45000 	/System/Library/Frameworks/CoreWLAN.framework/Versions/A/CoreWLAN
0x0000000005b45000 	/System/Library/Frameworks/IOBluetooth.framework/Versions/A/IOBluetooth
0x0000000005b45000 	/System/Library/PrivateFrameworks/CoreWiFi.framework/Versions/A/CoreWiFi
0x0000000005b45000 	/System/Library/Frameworks/CoreBluetooth.framework/Versions/A/CoreBluetooth
0x0000000005b45000 	/System/Library/PrivateFrameworks/DebugSymbols.framework/Versions/A/DebugSymbols
0x0000000005b45000 	/System/Library/PrivateFrameworks/CoreSymbolication.framework/Versions/A/CoreSymbolication
0x0000000005b45000 	/System/Library/PrivateFrameworks/Symbolication.framework/Versions/A/Symbolication
0x0000000005b45000 	/System/Library/PrivateFrameworks/SpeechRecognitionCore.framework/Versions/A/SpeechRecognitionCore
0x000000010c400000 	/Library/Java/JavaVirtualMachines/jdk1.8.0_25.jdk/Contents/Home/jre/lib/server/libjvm.dylib
0x0000000005b45000 	/usr/lib/libstdc++.6.dylib
0x000000010b326000 	/Library/Java/JavaVirtualMachines/jdk1.8.0_25.jdk/Contents/Home/jre/lib/libverify.dylib
0x000000010b334000 	/Library/Java/JavaVirtualMachines/jdk1.8.0_25.jdk/Contents/Home/jre/lib/libjava.dylib
0x000000010b372000 	/Library/Java/JavaVirtualMachines/jdk1.8.0_25.jdk/Contents/Home/jre/lib/libzip.dylib
0x0000000124474000 	/System/Library/Frameworks/JavaVM.framework/Frameworks/JavaRuntimeSupport.framework/JavaRuntimeSupport
0x000000012448c000 	/System/Library/Frameworks/JavaVM.framework/Versions/A/Frameworks/JavaNativeFoundation.framework/Versions/A/JavaNativeFoundation
0x00000001244a1000 	/System/Library/Frameworks/JavaVM.framework/Versions/A/JavaVM
0x0000000005b45000 	/System/Library/Frameworks/Carbon.framework/Versions/A/Carbon
0x00000001244ae000 	/System/Library/PrivateFrameworks/JavaLaunching.framework/Versions/A/JavaLaunching
0x0000000005b45000 	/System/Library/Frameworks/Carbon.framework/Versions/A/Frameworks/CommonPanels.framework/Versions/A/CommonPanels
0x0000000005b45000 	/System/Library/Frameworks/Carbon.framework/Versions/A/Frameworks/Help.framework/Versions/A/Help
0x0000000005b45000 	/System/Library/Frameworks/Carbon.framework/Versions/A/Frameworks/ImageCapture.framework/Versions/A/ImageCapture
0x0000000005b45000 	/System/Library/Frameworks/Carbon.framework/Versions/A/Frameworks/OpenScripting.framework/Versions/A/OpenScripting
0x0000000005b45000 	/System/Library/Frameworks/Carbon.framework/Versions/A/Frameworks/Print.framework/Versions/A/Print
0x0000000005b45000 	/System/Library/Frameworks/Carbon.framework/Versions/A/Frameworks/SecurityHI.framework/Versions/A/SecurityHI
0x000000012659a000 	/Library/Java/JavaVirtualMachines/jdk1.8.0_25.jdk/Contents/Home/jre/lib/libprism_es2.dylib
0x0000000005b45000 	/System/Library/Frameworks/OpenGL.framework/Versions/A/Resources/GLEngine.bundle/GLEngine
0x0000000005b45000 	/System/Library/Frameworks/OpenGL.framework/Versions/A/Libraries/libGLProgrammability.dylib
0x0000000000000000 	/System/Library/Extensions/AppleIntelHD4000GraphicsGLDriver.bundle/Contents/MacOS/AppleIntelHD4000GraphicsGLDriver
0x0000000005b45000 	/System/Library/PrivateFrameworks/IOAccelerator.framework/Versions/A/IOAccelerator
0x0000000005b45000 	/System/Library/PrivateFrameworks/GPUSupport.framework/Versions/A/Libraries/libGPUSupportMercury.dylib
0x0000000000000000 	/System/Library/Extensions/GeForceGLDriver.bundle/Contents/MacOS/GeForceGLDriver
0x0000000005b45000 	/System/Library/Extensions/GeForceGLDriver.bundle/Contents/MacOS/libclh.dylib
0x0000000005b45000 	/System/Library/Frameworks/OpenGL.framework/Versions/A/Resources/GLRendererFloat.bundle/GLRendererFloat
0x0000000005b45000 	/System/Library/Frameworks/OpenCL.framework/Versions/A/Libraries/libcldcpuengine.dylib
0x0000000005b45000 	/System/Library/PrivateFrameworks/DiskImages.framework/Versions/A/DiskImages
0x0000000005b45000 	/System/Library/Frameworks/DiscRecording.framework/Versions/A/DiscRecording
0x0000000005b45000 	/usr/lib/libcsfde.dylib
0x0000000005b45000 	/usr/lib/libcurl.4.dylib
0x0000000005b45000 	/System/Library/PrivateFrameworks/MediaKit.framework/Versions/A/MediaKit
0x0000000005b45000 	/System/Library/PrivateFrameworks/ProtectedCloudStorage.framework/Versions/A/ProtectedCloudStorage
0x0000000005b45000 	/usr/lib/libCoreStorage.dylib
0x0000000005b45000 	/System/Library/PrivateFrameworks/EFILogin.framework/Versions/A/EFILogin
0x0000000005b45000 	/usr/lib/libutil.dylib
0x0000000005b45000 	/System/Library/PrivateFrameworks/FindMyDevice.framework/Versions/A/FindMyDevice
0x0000000005b45000 	/System/Library/Frameworks/LDAP.framework/Versions/A/LDAP
0x0000000005b45000 	/usr/lib/libsasl2.2.dylib
0x0000000005b45000 	/System/Library/PrivateFrameworks/CoreDaemon.framework/Versions/B/CoreDaemon
0x0000000005b45000 	/usr/lib/libcrypto.0.9.8.dylib
0x0000000005b45000 	/System/Library/PrivateFrameworks/AppleSRP.framework/Versions/A/AppleSRP
0x0000000005b45000 	/System/Library/PrivateFrameworks/TrustEvaluationAgent.framework/Versions/A/TrustEvaluationAgent
0x0000000126c85000 	/Library/Java/JavaVirtualMachines/jdk1.8.0_25.jdk/Contents/Home/jre/lib/libglass.dylib
0x0000000005b45000 	/System/Library/PrivateFrameworks/CoreServicesInternal.framework/Versions/A/CoreServicesInternal
0x0000000005b45000 	/System/Library/PrivateFrameworks/CloudDocs.framework/Versions/A/CloudDocs
0x0000000005b45000 	/System/Library/PrivateFrameworks/CoreDuet.framework/Versions/A/CoreDuet
0x0000000005b45000 	/System/Library/Frameworks/CloudKit.framework/Versions/A/CloudKit
0x0000000005b45000 	/System/Library/PrivateFrameworks/ProtocolBuffer.framework/Versions/A/ProtocolBuffer
0x0000000005b45000 	/System/Library/PrivateFrameworks/CoreDuetDaemonProtocol.framework/Versions/A/CoreDuetDaemonProtocol
0x0000000005b45000 	/System/Library/PrivateFrameworks/CoreDuetDebugLogging.framework/Versions/A/CoreDuetDebugLogging
0x0000000005b45000 	/System/Library/Frameworks/CoreLocation.framework/Versions/A/CoreLocation
0x0000000005b45000 	/System/Library/Frameworks/Accounts.framework/Versions/A/Accounts
0x0000000005b45000 	/System/Library/PrivateFrameworks/ApplePushService.framework/Versions/A/ApplePushService
0x0000000005b45000 	/System/Library/PrivateFrameworks/GeoServices.framework/Versions/A/GeoServices
0x0000000005b45000 	/System/Library/PrivateFrameworks/OAuth.framework/Versions/A/OAuth
0x0000000005b45000 	/System/Library/Frameworks/CoreGraphics.framework/Versions/A/Resources/libCGCMS.A.dylib
0x0000000005b45000 	/System/Library/CoreServices/RawCamera.bundle/Contents/MacOS/RawCamera
0x0000000005b45000 	/System/Library/Frameworks/CoreGraphics.framework/Versions/A/Resources/libRIP.A.dylib
0x0000000005b45000 	/System/Library/PrivateFrameworks/FamilyControls.framework/Versions/A/FamilyControls
0x0000000005b45000 	/System/Library/PrivateFrameworks/CommerceKit.framework/Versions/A/Frameworks/CommerceCore.framework/Versions/A/CommerceCore
0x0000000005b45000 	/System/Library/PrivateFrameworks/SystemAdministration.framework/Versions/A/SystemAdministration
0x0000000005b45000 	/System/Library/PrivateFrameworks/AppContainer.framework/Versions/A/AppContainer
0x0000000005b45000 	/System/Library/PrivateFrameworks/SecCodeWrapper.framework/Versions/A/SecCodeWrapper
0x0000000005b45000 	/System/Library/Frameworks/DirectoryService.framework/Versions/A/DirectoryService
0x0000000005b45000 	/System/Library/PrivateFrameworks/LoginUIKit.framework/Versions/A/Frameworks/LoginUICore.framework/Versions/A/LoginUICore
0x0000000005b45000 	/usr/lib/libodfde.dylib
0x000000012acaa000 	/Library/Java/JavaVirtualMachines/jdk1.8.0_25.jdk/Contents/Home/jre/lib/libjavafx_font.dylib
0x0000000005b45000 	/System/Library/Frameworks/CoreGraphics.framework/Versions/A/Resources/libCGXType.A.dylib
0x000000012c0a9000 	cl_kernels
0x000000012c0ab000 	/System/Library/Frameworks/OpenCL.framework/Versions/A/Libraries/ImageFormats/unorm8_bgra.dylib
0x000000012c09b000 	cl_kernels

VM Arguments:
jvm_args: -Dfile.encoding=UTF-8 
java_command: /Users/Jascha/Documents/workspace/GameOfLife/GameOfLife/dist/run1093660712/GameOfLife.jar
java_class_path (initial): /Users/Jascha/Documents/workspace/GameOfLife/GameOfLife/dist/run1093660712/GameOfLife.jar
Launcher Type: SUN_STANDARD

Environment Variables:
PATH=/usr/bin:/bin:/usr/sbin:/sbin
LD_LIBRARY_PATH=/Library/Java/JavaVirtualMachines/jdk1.8.0_25.jdk/Contents/Home/jre/lib/amd64:/Library/Java/JavaVirtualMachines/jdk1.8.0_25.jdk/Contents/Home/jre/lib/i386:
SHELL=/bin/bash
DYLD_LIBRARY_PATH=/Applications/NetBeans/NetBeans 8.0.1.app/Contents/Resources/NetBeans/webcommon/bin:

Signal Handlers:
SIGSEGV: [libjvm.dylib+0x579dc7], sa_mask[0]=11111111011111110111111111111111, sa_flags=SA_ONSTACK|SA_RESTART|SA_SIGINFO
SIGBUS: [libjvm.dylib+0x579dc7], sa_mask[0]=11111111011111110111111111111111, sa_flags=SA_RESTART|SA_SIGINFO
SIGFPE: [libjvm.dylib+0x45b030], sa_mask[0]=11111111011111110111111111111111, sa_flags=SA_RESTART|SA_SIGINFO
SIGPIPE: [libjvm.dylib+0x45b030], sa_mask[0]=11111111011111110111111111111111, sa_flags=SA_RESTART|SA_SIGINFO
SIGXFSZ: [libjvm.dylib+0x45b030], sa_mask[0]=11111111011111110111111111111111, sa_flags=SA_RESTART|SA_SIGINFO
SIGILL: [libjvm.dylib+0x45b030], sa_mask[0]=11111111011111110111111111111111, sa_flags=SA_RESTART|SA_SIGINFO
SIGUSR1: SIG_DFL, sa_mask[0]=00000000000000000000000000000000, sa_flags=none
SIGUSR2: [libjvm.dylib+0x45ab4e], sa_mask[0]=00100000000000000000000000000000, sa_flags=SA_RESTART|SA_SIGINFO
SIGHUP: [libjvm.dylib+0x459121], sa_mask[0]=11111111011111110111111111111111, sa_flags=SA_RESTART|SA_SIGINFO
SIGINT: SIG_IGN, sa_mask[0]=00000000000000000000000000000000, sa_flags=none
SIGTERM: [libjvm.dylib+0x459121], sa_mask[0]=11111111011111110111111111111111, sa_flags=SA_RESTART|SA_SIGINFO
SIGQUIT: [libjvm.dylib+0x459121], sa_mask[0]=11111111011111110111111111111111, sa_flags=SA_RESTART|SA_SIGINFO


---------------  S Y S T E M  ---------------

OS:Bsduname:Darwin 14.0.0 Darwin Kernel Version 14.0.0: Fri Sep 19 00:26:44 PDT 2014; root:xnu-2782.1.97~2/RELEASE_X86_64 x86_64
rlimit: STACK 8192k, CORE 0k, NPROC 709, NOFILE 10240, AS infinity
load average:1.55 1.77 1.74

CPU:total 8 (4 cores per cpu, 2 threads per core) family 6 model 58 stepping 9, cmov, cx8, fxsr, mmx, sse, sse2, sse3, ssse3, sse4.1, sse4.2, popcnt, avx, aes, clmul, erms, ht, tsc, tscinvbit, tscinv

Memory: 4k page, physical 8388608k(348068k free)

/proc/meminfo:


vm_info: Java HotSpot(TM) 64-Bit Server VM (25.25-b02) for bsd-amd64 JRE (1.8.0_25-b17), built on Sep 17 2014 16:56:50 by "java_re" with gcc 4.2.1 (Based on Apple Inc. build 5658) (LLVM build 2336.11.00)

time: Sat Dec  6 14:49:53 2014
elapsed time: 0 seconds (0d 0h 0m 0s)

